<?xml version="1.0" encoding="UTF-8"?>
<robot generator="Robot 6.0.1 (Python 3.10.8 on win32)" generated="20221213 18:10:18.450" rpa="false" schemaversion="3">
<suite id="s1" name="Amazon Teste" source="C:\Users\Desktop\Documents\Cursoudemy\RobotFramework\Webtesting\amazon_teste.robot">
<test id="s1-t1" name="Caso de teste 01 - Acesso ao menu &quot;Eletrônicos&quot;" line="11">
<kw name="Abrir o navegador" library="amazon_Resource" type="SETUP">
<kw name="Open Browser" library="SeleniumLibrary">
<arg>browser=chrome</arg>
<doc>Opens a new browser instance to the optional ``url``.</doc>
<msg timestamp="20221213 18:10:18.729" level="INFO">Opening browser 'chrome' to base url 'None'.</msg>
<status status="PASS" starttime="20221213 18:10:18.729" endtime="20221213 18:10:19.916"/>
</kw>
<kw name="Maximize Browser Window" library="SeleniumLibrary">
<doc>Maximizes current browser window.</doc>
<status status="PASS" starttime="20221213 18:10:19.916" endtime="20221213 18:10:20.047"/>
</kw>
<status status="PASS" starttime="20221213 18:10:18.728" endtime="20221213 18:10:20.047"/>
</kw>
<kw name="Acessar a home page do site Amazon.com.br" library="amazon_Resource">
<kw name="Go To" library="SeleniumLibrary">
<arg>url=${URL}</arg>
<doc>Navigates the current browser window to the provided ``url``.</doc>
<msg timestamp="20221213 18:10:20.049" level="INFO">Opening url 'http://www.amazon.com.br'</msg>
<status status="PASS" starttime="20221213 18:10:20.048" endtime="20221213 18:10:21.351"/>
</kw>
<kw name="Wait Until Element Is Visible" library="SeleniumLibrary">
<arg>locator=${MENU_ELETRONICOS}</arg>
<doc>Waits until the element ``locator`` is visible.</doc>
<msg timestamp="20221213 18:10:24.989" level="WARN">Keyword 'Capture Page Screenshot' could not be run on failure: Message: no such window: target window already closed
from unknown error: web view not found
  (Session info: chrome=108.0.5359.99)
Stacktrace:
Backtrace:
	Ordinal0 [0x0036ACD3+2075859]
	Ordinal0 [0x002FEE61+1633889]
	Ordinal0 [0x001FB7BD+571325]
	Ordinal0 [0x001E2E1A+470554]
	Ordinal0 [0x0024AA0B+895499]
	Ordinal0 [0x0025AC96+961686]
	Ordinal0 [0x00247136+880950]
	Ordinal0 [0x0021FEFD+720637]
	Ordinal0 [0x00220F3F+724799]
	GetHandleVerifier [0x0061EED2+2769538]
	GetHandleVerifier [0x00610D95+2711877]
	GetHandleVerifier [0x003FA03A+521194]
	GetHandleVerifier [0x003F8DA0+516432]
	Ordinal0 [0x0030682C+1665068]
	Ordinal0 [0x0030B128+1683752]
	Ordinal0 [0x0030B215+1683989]
	Ordinal0 [0x00316484+1729668]
	BaseThreadInitThunk [0x753EFEF9+25]
	RtlGetAppContainerNamedObjectPath [0x774A7BBE+286]
	RtlGetAppContainerNamedObjectPath [0x774A7B8E+238]
</msg>
<msg timestamp="20221213 18:10:24.992" level="FAIL">NoSuchWindowException: Message: no such window: target window already closed
from unknown error: web view not found
  (Session info: chrome=108.0.5359.99)
Stacktrace:
Backtrace:
	Ordinal0 [0x0036ACD3+2075859]
	Ordinal0 [0x002FEE61+1633889]
	Ordinal0 [0x001FB7BD+571325]
	Ordinal0 [0x001E2E1A+470554]
	Ordinal0 [0x0024AA0B+895499]
	Ordinal0 [0x0025AC96+961686]
	Ordinal0 [0x00247136+880950]
	Ordinal0 [0x0021FEFD+720637]
	Ordinal0 [0x00220F3F+724799]
	GetHandleVerifier [0x0061EED2+2769538]
	GetHandleVerifier [0x00610D95+2711877]
	GetHandleVerifier [0x003FA03A+521194]
	GetHandleVerifier [0x003F8DA0+516432]
	Ordinal0 [0x0030682C+1665068]
	Ordinal0 [0x0030B128+1683752]
	Ordinal0 [0x0030B215+1683989]
	Ordinal0 [0x00316484+1729668]
	BaseThreadInitThunk [0x753EFEF9+25]
	RtlGetAppContainerNamedObjectPath [0x774A7BBE+286]
	RtlGetAppContainerNamedObjectPath [0x774A7B8E+238]
</msg>
<status status="FAIL" starttime="20221213 18:10:21.352" endtime="20221213 18:10:25.002"/>
</kw>
<status status="FAIL" starttime="20221213 18:10:20.048" endtime="20221213 18:10:25.003"/>
</kw>
<kw name="Entrar no menu &quot;Eletrônicos&quot;" library="amazon_Resource">
<status status="NOT RUN" starttime="20221213 18:10:25.004" endtime="20221213 18:10:25.004"/>
</kw>
<kw name="Verificar se o título da página fica &quot;Eletrônicos e Tecnologia | Amazon.com.br&quot;" library="amazon_Resource" sourcename="Verificar se o título da página fica &quot;${TITULO}&quot;">
<status status="NOT RUN" starttime="20221213 18:10:25.004" endtime="20221213 18:10:25.004"/>
</kw>
<kw name="Verificar se aparece a frase &quot;Eletrônicos e Tecnologia&quot;" library="amazon_Resource" sourcename="Verificar se aparece a frase &quot;${frase}&quot;">
<status status="NOT RUN" starttime="20221213 18:10:25.005" endtime="20221213 18:10:25.005"/>
</kw>
<kw name="Verificar se aparece a categoria &quot;Computadores e Informática&quot;" library="amazon_Resource">
<status status="NOT RUN" starttime="20221213 18:10:25.005" endtime="20221213 18:10:25.005"/>
</kw>
<kw name="Fechar o navegador" library="amazon_Resource" type="TEARDOWN">
<kw name="Capture Page Screenshot" library="SeleniumLibrary">
<doc>Takes a screenshot of the current page and embeds it into a log file.</doc>
<msg timestamp="20221213 18:10:25.013" level="WARN">Keyword 'Capture Page Screenshot' could not be run on failure: Message: no such window: target window already closed
from unknown error: web view not found
  (Session info: chrome=108.0.5359.99)
Stacktrace:
Backtrace:
	Ordinal0 [0x0036ACD3+2075859]
	Ordinal0 [0x002FEE61+1633889]
	Ordinal0 [0x001FB7BD+571325]
	Ordinal0 [0x001E2E1A+470554]
	Ordinal0 [0x0024AA0B+895499]
	Ordinal0 [0x0025AC96+961686]
	Ordinal0 [0x00247136+880950]
	Ordinal0 [0x0021FEFD+720637]
	Ordinal0 [0x00220F3F+724799]
	GetHandleVerifier [0x0061EED2+2769538]
	GetHandleVerifier [0x00610D95+2711877]
	GetHandleVerifier [0x003FA03A+521194]
	GetHandleVerifier [0x003F8DA0+516432]
	Ordinal0 [0x0030682C+1665068]
	Ordinal0 [0x0030B128+1683752]
	Ordinal0 [0x0030B215+1683989]
	Ordinal0 [0x00316484+1729668]
	BaseThreadInitThunk [0x753EFEF9+25]
	RtlGetAppContainerNamedObjectPath [0x774A7BBE+286]
	RtlGetAppContainerNamedObjectPath [0x774A7B8E+238]
</msg>
<msg timestamp="20221213 18:10:25.017" level="FAIL">NoSuchWindowException: Message: no such window: target window already closed
from unknown error: web view not found
  (Session info: chrome=108.0.5359.99)
Stacktrace:
Backtrace:
	Ordinal0 [0x0036ACD3+2075859]
	Ordinal0 [0x002FEE61+1633889]
	Ordinal0 [0x001FB7BD+571325]
	Ordinal0 [0x001E2E1A+470554]
	Ordinal0 [0x0024AA0B+895499]
	Ordinal0 [0x0025AC96+961686]
	Ordinal0 [0x00247136+880950]
	Ordinal0 [0x0021FEFD+720637]
	Ordinal0 [0x00220F3F+724799]
	GetHandleVerifier [0x0061EED2+2769538]
	GetHandleVerifier [0x00610D95+2711877]
	GetHandleVerifier [0x003FA03A+521194]
	GetHandleVerifier [0x003F8DA0+516432]
	Ordinal0 [0x0030682C+1665068]
	Ordinal0 [0x0030B128+1683752]
	Ordinal0 [0x0030B215+1683989]
	Ordinal0 [0x00316484+1729668]
	BaseThreadInitThunk [0x753EFEF9+25]
	RtlGetAppContainerNamedObjectPath [0x774A7BBE+286]
	RtlGetAppContainerNamedObjectPath [0x774A7B8E+238]
</msg>
<status status="FAIL" starttime="20221213 18:10:25.006" endtime="20221213 18:10:25.019"/>
</kw>
<kw name="Close Browser" library="SeleniumLibrary">
<doc>Closes the current browser.</doc>
<status status="PASS" starttime="20221213 18:10:25.019" endtime="20221213 18:10:27.152"/>
</kw>
<status status="FAIL" starttime="20221213 18:10:25.006" endtime="20221213 18:10:27.153">NoSuchWindowException: Message: no such window: target window already closed
from unknown error: web view not found
  (Session info: chrome=108.0.5359.99)
Stacktrace:
Backtrace:
	Ordinal0 [0x0036ACD3+2075859]
	Ordinal0 [0x002FEE61+1633889]
	Ordinal0 [0x001FB7BD+571325]
	Ordinal0 [0x001E2E1A+470554]
	Ordinal0 [0x0024AA0B+895499]
	Ordinal0 [0x0025AC96+961686]
	Ordinal0 [0x00247136+880950]
	Ordinal0 [0x0021FEFD+720637]
	Ordinal0 [0x00220F3F+724799]
	GetHandleVerifier [0x0061EED2+2769538]
	GetHandleVerifier [0x00610D95+2711877]
	GetHandleVerifier [0x003FA03A+521194]
	GetHandleVerifier [0x003F8DA0+516432]
	Ordinal0 [0x0030682C+1665068]
	Ordinal0 [0x0030B128+1683752]
	Ordinal0 [0x0030B215+1683989]
	Ordinal0 [0x00316484+1729668]
	BaseThreadInitThunk [0x753EFEF9+25]
	RtlGetAppContainerNamedObjectPath [0x774A7BBE+286]
	RtlGetAppContainerNamedObjectPath [0x774A7B8E+238]
</status>
</kw>
<doc>Esse teste verifica o menu eletronicos do site amazon.com.br</doc>
<tag>Menu</tag>
<status status="FAIL" starttime="20221213 18:10:18.727" endtime="20221213 18:10:27.154">NoSuchWindowException: Message: no such window: target window already closed
from unknown error: web view not found
  (Session info: chrome=108.0.5359.99)
Stacktrace:
Backtrace:
	Ordinal0 [0x0036ACD3+2075859]
	Ordinal0 [0x002FEE61+1633889]
	Ordinal0 [0x001FB7BD+571325]
	Ordinal0 [0x001E2E1A+470554]
	Ordinal0 [0x0024AA0B+895499]
	Ordinal0 [0x0025AC96+961686]
	Ordinal0 [0x00247136+880950]
	Ordinal0 [0x0021FEFD+720637]
	Ordinal0 [0x00220F3F+724799]
	GetHandleVerifier [0x0061EED2+2769538]
	GetHandleVerifier [0x00610D95+2711877]
	GetHandleVerifier [0x003FA03A+521194]
	GetHandleVerifier [0x003F8DA0+516432]
	Ordinal0 [0x0030682C+1665068]
	Ordinal0 [0x0030B128+1683752]
	Ordinal0 [0x0030B215+1683989]
	Ordinal0 [0x00316484+1729668]
	BaseThreadInitThunk [0x753EFEF9+25]
	RtlGetAppContainerNamedObjectPath [0x774A7BBE+286]
	RtlGetAppContainerNamedObjectPath [0x774A7B8E+238]


Also teardown failed:
NoSuchWindowException: Message: no such window: target window already closed
from unknown error: web view not found
  (Session info: chrome=108.0.5359.99)
Stacktrace:
Backtrace:
	Ordinal0 [0x0036ACD3+2075859]
	Ordinal0 [0x002FEE61+1633889]
	Ordinal0 [0x001FB7BD+571325]
	Ordinal0 [0x001E2E1A+470554]
	Ordinal0 [0x0024AA0B+895499]
	Ordinal0 [0x0025AC96+961686]
	Ordinal0 [0x00247136+880950]
	Ordinal0 [0x0021FEFD+720637]
	Ordinal0 [0x00220F3F+724799]
	GetHandleVerifier [0x0061EED2+2769538]
	GetHandleVerifier [0x00610D95+2711877]
	GetHandleVerifier [0x003FA03A+521194]
	GetHandleVerifier [0x003F8DA0+516432]
	Ordinal0 [0x0030682C+1665068]
	Ordinal0 [0x0030B128+1683752]
	Ordinal0 [0x0030B215+1683989]
	Ordinal0 [0x00316484+1729668]
	BaseThreadInitThunk [0x753EFEF9+25]
	RtlGetAppContainerNamedObjectPath [0x774A7BBE+286]
	RtlGetAppContainerNamedObjectPath [0x774A7B8E+238]
</status>
</test>
<test id="s1-t2" name=" Caso de teste 02 - Pesquisa de um Produto" line="22">
<kw name="Abrir o navegador" library="amazon_Resource" type="SETUP">
<kw name="Open Browser" library="SeleniumLibrary">
<arg>browser=chrome</arg>
<doc>Opens a new browser instance to the optional ``url``.</doc>
<msg timestamp="20221213 18:10:27.167" level="INFO">Opening browser 'chrome' to base url 'None'.</msg>
<status status="PASS" starttime="20221213 18:10:27.166" endtime="20221213 18:10:28.364"/>
</kw>
<kw name="Maximize Browser Window" library="SeleniumLibrary">
<doc>Maximizes current browser window.</doc>
<status status="PASS" starttime="20221213 18:10:28.365" endtime="20221213 18:10:28.485"/>
</kw>
<status status="PASS" starttime="20221213 18:10:27.166" endtime="20221213 18:10:28.486"/>
</kw>
<kw name="Acessar a home page do site Amazon.com.br" library="amazon_Resource">
<kw name="Go To" library="SeleniumLibrary">
<arg>url=${URL}</arg>
<doc>Navigates the current browser window to the provided ``url``.</doc>
<msg timestamp="20221213 18:10:28.487" level="INFO">Opening url 'http://www.amazon.com.br'</msg>
<status status="PASS" starttime="20221213 18:10:28.487" endtime="20221213 18:10:30.295"/>
</kw>
<kw name="Wait Until Element Is Visible" library="SeleniumLibrary">
<arg>locator=${MENU_ELETRONICOS}</arg>
<doc>Waits until the element ``locator`` is visible.</doc>
<status status="PASS" starttime="20221213 18:10:30.296" endtime="20221213 18:10:30.403"/>
</kw>
<status status="PASS" starttime="20221213 18:10:28.486" endtime="20221213 18:10:30.404"/>
</kw>
<kw name="Digitar o nome de produto &quot;Xbox Series S&quot; no campo de pesquisa" library="amazon_Resource">
<kw name="Input Text" library="SeleniumLibrary">
<arg>locator=twotabsearchtextbox</arg>
<arg>text=Xbox Series S</arg>
<doc>Types the given ``text`` into the text field identified by ``locator``.</doc>
<msg timestamp="20221213 18:10:30.405" level="INFO">Typing text 'Xbox Series S' into text field 'twotabsearchtextbox'.</msg>
<status status="PASS" starttime="20221213 18:10:30.404" endtime="20221213 18:10:30.675"/>
</kw>
<status status="PASS" starttime="20221213 18:10:30.404" endtime="20221213 18:10:30.675"/>
</kw>
<kw name="Clicar no botão de pesquisa" library="amazon_Resource">
<kw name="Click Element" library="SeleniumLibrary">
<arg>locator=nav-search-submit-button</arg>
<doc>Click the element identified by ``locator``.</doc>
<msg timestamp="20221213 18:10:30.676" level="INFO">Clicking element 'nav-search-submit-button'.</msg>
<status status="PASS" starttime="20221213 18:10:30.676" endtime="20221213 18:10:32.675"/>
</kw>
<status status="PASS" starttime="20221213 18:10:30.675" endtime="20221213 18:10:32.675"/>
</kw>
<kw name=" Verificar o resultado da pesquisa de está listando o produto pesquisado" library="amazon_Resource">
<kw name="Wait Until Element Is Visible" library="SeleniumLibrary">
<arg>locator=//img[contains(@alt,'Console Xbox Series S')]</arg>
<doc>Waits until the element ``locator`` is visible.</doc>
<status status="PASS" starttime="20221213 18:10:32.676" endtime="20221213 18:10:32.707"/>
</kw>
<status status="PASS" starttime="20221213 18:10:32.676" endtime="20221213 18:10:32.707"/>
</kw>
<kw name="Fechar o navegador" library="amazon_Resource" type="TEARDOWN">
<kw name="Capture Page Screenshot" library="SeleniumLibrary">
<doc>Takes a screenshot of the current page and embeds it into a log file.</doc>
<msg timestamp="20221213 18:10:32.951" level="INFO" html="true">&lt;/td&gt;&lt;/tr&gt;&lt;tr&gt;&lt;td colspan="3"&gt;&lt;a href="selenium-screenshot-14.png"&gt;&lt;img src="selenium-screenshot-14.png" width="800px"&gt;&lt;/a&gt;</msg>
<status status="PASS" starttime="20221213 18:10:32.709" endtime="20221213 18:10:32.952"/>
</kw>
<kw name="Close Browser" library="SeleniumLibrary">
<doc>Closes the current browser.</doc>
<status status="PASS" starttime="20221213 18:10:32.952" endtime="20221213 18:10:35.130"/>
</kw>
<status status="PASS" starttime="20221213 18:10:32.708" endtime="20221213 18:10:35.130"/>
</kw>
<doc>Esse teste verifica a busca de um produto no site da amazon.com.br</doc>
<tag>Busca de produtos</tag>
<status status="PASS" starttime="20221213 18:10:27.165" endtime="20221213 18:10:35.131"/>
</test>
<test id="s1-t3" name="Caso de Teste 03 - Adicionar Produto no Carrinho" line="31">
<kw name="Abrir o navegador" library="amazon_Resource" type="SETUP">
<kw name="Open Browser" library="SeleniumLibrary">
<arg>browser=chrome</arg>
<doc>Opens a new browser instance to the optional ``url``.</doc>
<msg timestamp="20221213 18:10:35.136" level="INFO">Opening browser 'chrome' to base url 'None'.</msg>
<status status="PASS" starttime="20221213 18:10:35.136" endtime="20221213 18:10:36.440"/>
</kw>
<kw name="Maximize Browser Window" library="SeleniumLibrary">
<doc>Maximizes current browser window.</doc>
<status status="PASS" starttime="20221213 18:10:36.440" endtime="20221213 18:10:36.552"/>
</kw>
<status status="PASS" starttime="20221213 18:10:35.135" endtime="20221213 18:10:36.552"/>
</kw>
<kw name="Acessar a home page do site Amazon.com.br" library="amazon_Resource">
<kw name="Go To" library="SeleniumLibrary">
<arg>url=${URL}</arg>
<doc>Navigates the current browser window to the provided ``url``.</doc>
<msg timestamp="20221213 18:10:36.553" level="INFO">Opening url 'http://www.amazon.com.br'</msg>
<status status="PASS" starttime="20221213 18:10:36.553" endtime="20221213 18:10:38.403"/>
</kw>
<kw name="Wait Until Element Is Visible" library="SeleniumLibrary">
<arg>locator=${MENU_ELETRONICOS}</arg>
<doc>Waits until the element ``locator`` is visible.</doc>
<status status="PASS" starttime="20221213 18:10:38.403" endtime="20221213 18:10:38.495"/>
</kw>
<status status="PASS" starttime="20221213 18:10:36.553" endtime="20221213 18:10:38.495"/>
</kw>
<kw name="Digitar o nome de produto &quot;Xbox Series S&quot; no campo de pesquisa" library="amazon_Resource">
<kw name="Input Text" library="SeleniumLibrary">
<arg>locator=twotabsearchtextbox</arg>
<arg>text=Xbox Series S</arg>
<doc>Types the given ``text`` into the text field identified by ``locator``.</doc>
<msg timestamp="20221213 18:10:38.498" level="INFO">Typing text 'Xbox Series S' into text field 'twotabsearchtextbox'.</msg>
<status status="PASS" starttime="20221213 18:10:38.497" endtime="20221213 18:10:38.823"/>
</kw>
<status status="PASS" starttime="20221213 18:10:38.497" endtime="20221213 18:10:38.823"/>
</kw>
<kw name="Clicar no botão de pesquisa" library="amazon_Resource">
<kw name="Click Element" library="SeleniumLibrary">
<arg>locator=nav-search-submit-button</arg>
<doc>Click the element identified by ``locator``.</doc>
<msg timestamp="20221213 18:10:38.827" level="INFO">Clicking element 'nav-search-submit-button'.</msg>
<status status="PASS" starttime="20221213 18:10:38.826" endtime="20221213 18:10:38.988"/>
</kw>
<status status="PASS" starttime="20221213 18:10:38.825" endtime="20221213 18:10:38.988"/>
</kw>
<kw name=" Verificar o resultado da pesquisa se está listando o produto &quot;Console Xbox Series S&quot;" library="amazon_Resource">
<kw name="Wait Until Element Is Visible" library="SeleniumLibrary">
<arg>locator=${Console}</arg>
<doc>Waits until the element ``locator`` is visible.</doc>
<status status="PASS" starttime="20221213 18:10:38.991" endtime="20221213 18:10:39.871"/>
</kw>
<status status="PASS" starttime="20221213 18:10:38.990" endtime="20221213 18:10:39.871"/>
</kw>
<kw name=" Adicionar o produto &quot;Console Xbox Series S&quot; no carrinho" library="amazon_Resource">
<kw name="Click Element" library="SeleniumLibrary">
<arg>locator=${Console}</arg>
<doc>Click the element identified by ``locator``.</doc>
<msg timestamp="20221213 18:10:39.872" level="INFO">Clicking element '//img[contains(@alt,'Console Xbox Series S')]'.</msg>
<status status="PASS" starttime="20221213 18:10:39.871" endtime="20221213 18:10:43.659"/>
</kw>
<kw name="Click Element" library="SeleniumLibrary">
<arg>locator=//input[contains(@name,'submit.add-to-cart')]</arg>
<doc>Click the element identified by ``locator``.</doc>
<msg timestamp="20221213 18:10:43.660" level="INFO">Clicking element '//input[contains(@name,'submit.add-to-cart')]'.</msg>
<status status="PASS" starttime="20221213 18:10:43.660" endtime="20221213 18:10:45.272"/>
</kw>
<status status="PASS" starttime="20221213 18:10:39.871" endtime="20221213 18:10:45.272"/>
</kw>
<kw name="Verificar se o produto &quot;Console Xbox Series S&quot; foi adicionado com sucesso" library="amazon_Resource">
<kw name="Wait Until Element Is Visible" library="SeleniumLibrary">
<arg>locator=//span[@class='a-size-medium-plus a-color-base sw-atc-text a-text-bold'][contains(.,'Adicionado ao carrinho')]</arg>
<doc>Waits until the element ``locator`` is visible.</doc>
<status status="PASS" starttime="20221213 18:10:45.273" endtime="20221213 18:10:45.362"/>
</kw>
<status status="PASS" starttime="20221213 18:10:45.273" endtime="20221213 18:10:45.362"/>
</kw>
<kw name="Fechar o navegador" library="amazon_Resource" type="TEARDOWN">
<kw name="Capture Page Screenshot" library="SeleniumLibrary">
<doc>Takes a screenshot of the current page and embeds it into a log file.</doc>
<msg timestamp="20221213 18:10:45.605" level="INFO" html="true">&lt;/td&gt;&lt;/tr&gt;&lt;tr&gt;&lt;td colspan="3"&gt;&lt;a href="selenium-screenshot-15.png"&gt;&lt;img src="selenium-screenshot-15.png" width="800px"&gt;&lt;/a&gt;</msg>
<status status="PASS" starttime="20221213 18:10:45.363" endtime="20221213 18:10:45.605"/>
</kw>
<kw name="Close Browser" library="SeleniumLibrary">
<doc>Closes the current browser.</doc>
<status status="PASS" starttime="20221213 18:10:45.606" endtime="20221213 18:10:47.806"/>
</kw>
<status status="PASS" starttime="20221213 18:10:45.363" endtime="20221213 18:10:47.806"/>
</kw>
<doc>Esse teste verifica a adição de um produto no carrinho de compras</doc>
<tag>adicionar_carrinho</tag>
<status status="PASS" starttime="20221213 18:10:35.134" endtime="20221213 18:10:47.806"/>
</test>
<test id="s1-t4" name="Caso de teste Caso de Teste 04 - Remover Produto do Carrinho" line="42">
<kw name="Abrir o navegador" library="amazon_Resource" type="SETUP">
<kw name="Open Browser" library="SeleniumLibrary">
<arg>browser=chrome</arg>
<doc>Opens a new browser instance to the optional ``url``.</doc>
<msg timestamp="20221213 18:10:47.812" level="INFO">Opening browser 'chrome' to base url 'None'.</msg>
<status status="PASS" starttime="20221213 18:10:47.811" endtime="20221213 18:10:48.943"/>
</kw>
<kw name="Maximize Browser Window" library="SeleniumLibrary">
<doc>Maximizes current browser window.</doc>
<status status="PASS" starttime="20221213 18:10:48.943" endtime="20221213 18:10:49.062"/>
</kw>
<status status="PASS" starttime="20221213 18:10:47.811" endtime="20221213 18:10:49.063"/>
</kw>
<kw name="Acessar a home page do site Amazon.com.br" library="amazon_Resource">
<kw name="Go To" library="SeleniumLibrary">
<arg>url=${URL}</arg>
<doc>Navigates the current browser window to the provided ``url``.</doc>
<msg timestamp="20221213 18:10:49.066" level="INFO">Opening url 'http://www.amazon.com.br'</msg>
<status status="PASS" starttime="20221213 18:10:49.065" endtime="20221213 18:10:51.082"/>
</kw>
<kw name="Wait Until Element Is Visible" library="SeleniumLibrary">
<arg>locator=${MENU_ELETRONICOS}</arg>
<doc>Waits until the element ``locator`` is visible.</doc>
<status status="PASS" starttime="20221213 18:10:51.082" endtime="20221213 18:10:51.264"/>
</kw>
<status status="PASS" starttime="20221213 18:10:49.064" endtime="20221213 18:10:51.264"/>
</kw>
<kw name="Digitar o nome de produto &quot;Xbox Series S&quot; no campo de pesquisa" library="amazon_Resource">
<kw name="Input Text" library="SeleniumLibrary">
<arg>locator=twotabsearchtextbox</arg>
<arg>text=Xbox Series S</arg>
<doc>Types the given ``text`` into the text field identified by ``locator``.</doc>
<msg timestamp="20221213 18:10:51.266" level="INFO">Typing text 'Xbox Series S' into text field 'twotabsearchtextbox'.</msg>
<status status="PASS" starttime="20221213 18:10:51.266" endtime="20221213 18:10:51.561"/>
</kw>
<status status="PASS" starttime="20221213 18:10:51.265" endtime="20221213 18:10:51.561"/>
</kw>
<kw name="Clicar no botão de pesquisa" library="amazon_Resource">
<kw name="Click Element" library="SeleniumLibrary">
<arg>locator=nav-search-submit-button</arg>
<doc>Click the element identified by ``locator``.</doc>
<msg timestamp="20221213 18:10:51.563" level="INFO">Clicking element 'nav-search-submit-button'.</msg>
<status status="PASS" starttime="20221213 18:10:51.562" endtime="20221213 18:10:53.408"/>
</kw>
<status status="PASS" starttime="20221213 18:10:51.562" endtime="20221213 18:10:53.408"/>
</kw>
<kw name=" Verificar o resultado da pesquisa se está listando o produto &quot;Console Xbox Series S&quot;" library="amazon_Resource">
<kw name="Wait Until Element Is Visible" library="SeleniumLibrary">
<arg>locator=${Console}</arg>
<doc>Waits until the element ``locator`` is visible.</doc>
<status status="PASS" starttime="20221213 18:10:53.409" endtime="20221213 18:10:53.440"/>
</kw>
<status status="PASS" starttime="20221213 18:10:53.409" endtime="20221213 18:10:53.440"/>
</kw>
<kw name=" Adicionar o produto &quot;Console Xbox Series S&quot; no carrinho" library="amazon_Resource">
<kw name="Click Element" library="SeleniumLibrary">
<arg>locator=${Console}</arg>
<doc>Click the element identified by ``locator``.</doc>
<msg timestamp="20221213 18:10:53.442" level="INFO">Clicking element '//img[contains(@alt,'Console Xbox Series S')]'.</msg>
<status status="PASS" starttime="20221213 18:10:53.441" endtime="20221213 18:10:57.032"/>
</kw>
<kw name="Click Element" library="SeleniumLibrary">
<arg>locator=//input[contains(@name,'submit.add-to-cart')]</arg>
<doc>Click the element identified by ``locator``.</doc>
<msg timestamp="20221213 18:10:57.033" level="INFO">Clicking element '//input[contains(@name,'submit.add-to-cart')]'.</msg>
<status status="PASS" starttime="20221213 18:10:57.032" endtime="20221213 18:10:58.925"/>
</kw>
<status status="PASS" starttime="20221213 18:10:53.440" endtime="20221213 18:10:58.925"/>
</kw>
<kw name="Verificar se o produto &quot;Console Xbox Series S&quot; foi adicionado com sucesso" library="amazon_Resource">
<kw name="Wait Until Element Is Visible" library="SeleniumLibrary">
<arg>locator=//span[@class='a-size-medium-plus a-color-base sw-atc-text a-text-bold'][contains(.,'Adicionado ao carrinho')]</arg>
<doc>Waits until the element ``locator`` is visible.</doc>
<status status="PASS" starttime="20221213 18:10:58.927" endtime="20221213 18:10:59.021"/>
</kw>
<status status="PASS" starttime="20221213 18:10:58.927" endtime="20221213 18:10:59.021"/>
</kw>
<kw name="Remover o produto &quot;Console Xbox Series S&quot; do carrinho" library="amazon_Resource">
<kw name="Click Element" library="SeleniumLibrary">
<arg>locator=//a[contains(@data-csa-c-type,'button')]</arg>
<doc>Click the element identified by ``locator``.</doc>
<msg timestamp="20221213 18:10:59.024" level="INFO">Clicking element '//a[contains(@data-csa-c-type,'button')]'.</msg>
<status status="PASS" starttime="20221213 18:10:59.023" endtime="20221213 18:11:01.176"/>
</kw>
<kw name="Click Element" library="SeleniumLibrary">
<arg>locator=(//span[contains(@class,'a-declarative')])[3]</arg>
<doc>Click the element identified by ``locator``.</doc>
<msg timestamp="20221213 18:11:01.176" level="INFO">Clicking element '(//span[contains(@class,'a-declarative')])[3]'.</msg>
<status status="PASS" starttime="20221213 18:11:01.176" endtime="20221213 18:11:01.370"/>
</kw>
<status status="PASS" starttime="20221213 18:10:59.023" endtime="20221213 18:11:01.370"/>
</kw>
<kw name=" Verificar se o carrinho fica vazio" library="amazon_Resource">
<kw name="Wait Until Page Contains" library="SeleniumLibrary">
<arg>text=Seu carrinho de compras da Amazon está vazio.</arg>
<doc>Waits until ``text`` appears on the current page.</doc>
<status status="PASS" starttime="20221213 18:11:01.371" endtime="20221213 18:11:01.621"/>
</kw>
<status status="PASS" starttime="20221213 18:11:01.371" endtime="20221213 18:11:01.621"/>
</kw>
<kw name="Fechar o navegador" library="amazon_Resource" type="TEARDOWN">
<kw name="Capture Page Screenshot" library="SeleniumLibrary">
<doc>Takes a screenshot of the current page and embeds it into a log file.</doc>
<msg timestamp="20221213 18:11:01.794" level="INFO" html="true">&lt;/td&gt;&lt;/tr&gt;&lt;tr&gt;&lt;td colspan="3"&gt;&lt;a href="selenium-screenshot-16.png"&gt;&lt;img src="selenium-screenshot-16.png" width="800px"&gt;&lt;/a&gt;</msg>
<status status="PASS" starttime="20221213 18:11:01.623" endtime="20221213 18:11:01.794"/>
</kw>
<kw name="Close Browser" library="SeleniumLibrary">
<doc>Closes the current browser.</doc>
<status status="PASS" starttime="20221213 18:11:01.795" endtime="20221213 18:11:04.000"/>
</kw>
<status status="PASS" starttime="20221213 18:11:01.622" endtime="20221213 18:11:04.000"/>
</kw>
<doc>Esse teste verifica a remoção de um produto no carrinho de compras</doc>
<tag>remover_carrinho</tag>
<status status="PASS" starttime="20221213 18:10:47.809" endtime="20221213 18:11:04.000"/>
</test>
<doc>Essa suit testa o site da amazon.com.br</doc>
<status status="FAIL" starttime="20221213 18:10:18.450" endtime="20221213 18:11:04.005"/>
</suite>
<statistics>
<total>
<stat pass="3" fail="1" skip="0">All Tests</stat>
</total>
<tag>
<stat pass="1" fail="0" skip="0">adicionar_carrinho</stat>
<stat pass="1" fail="0" skip="0">Busca de produtos</stat>
<stat pass="0" fail="1" skip="0">Menu</stat>
<stat pass="1" fail="0" skip="0">remover_carrinho</stat>
</tag>
<suite>
<stat pass="3" fail="1" skip="0" id="s1" name="Amazon Teste">Amazon Teste</stat>
</suite>
</statistics>
<errors>
<msg timestamp="20221213 18:10:24.989" level="WARN">Keyword 'Capture Page Screenshot' could not be run on failure: Message: no such window: target window already closed
from unknown error: web view not found
  (Session info: chrome=108.0.5359.99)
Stacktrace:
Backtrace:
	Ordinal0 [0x0036ACD3+2075859]
	Ordinal0 [0x002FEE61+1633889]
	Ordinal0 [0x001FB7BD+571325]
	Ordinal0 [0x001E2E1A+470554]
	Ordinal0 [0x0024AA0B+895499]
	Ordinal0 [0x0025AC96+961686]
	Ordinal0 [0x00247136+880950]
	Ordinal0 [0x0021FEFD+720637]
	Ordinal0 [0x00220F3F+724799]
	GetHandleVerifier [0x0061EED2+2769538]
	GetHandleVerifier [0x00610D95+2711877]
	GetHandleVerifier [0x003FA03A+521194]
	GetHandleVerifier [0x003F8DA0+516432]
	Ordinal0 [0x0030682C+1665068]
	Ordinal0 [0x0030B128+1683752]
	Ordinal0 [0x0030B215+1683989]
	Ordinal0 [0x00316484+1729668]
	BaseThreadInitThunk [0x753EFEF9+25]
	RtlGetAppContainerNamedObjectPath [0x774A7BBE+286]
	RtlGetAppContainerNamedObjectPath [0x774A7B8E+238]
</msg>
<msg timestamp="20221213 18:10:25.013" level="WARN">Keyword 'Capture Page Screenshot' could not be run on failure: Message: no such window: target window already closed
from unknown error: web view not found
  (Session info: chrome=108.0.5359.99)
Stacktrace:
Backtrace:
	Ordinal0 [0x0036ACD3+2075859]
	Ordinal0 [0x002FEE61+1633889]
	Ordinal0 [0x001FB7BD+571325]
	Ordinal0 [0x001E2E1A+470554]
	Ordinal0 [0x0024AA0B+895499]
	Ordinal0 [0x0025AC96+961686]
	Ordinal0 [0x00247136+880950]
	Ordinal0 [0x0021FEFD+720637]
	Ordinal0 [0x00220F3F+724799]
	GetHandleVerifier [0x0061EED2+2769538]
	GetHandleVerifier [0x00610D95+2711877]
	GetHandleVerifier [0x003FA03A+521194]
	GetHandleVerifier [0x003F8DA0+516432]
	Ordinal0 [0x0030682C+1665068]
	Ordinal0 [0x0030B128+1683752]
	Ordinal0 [0x0030B215+1683989]
	Ordinal0 [0x00316484+1729668]
	BaseThreadInitThunk [0x753EFEF9+25]
	RtlGetAppContainerNamedObjectPath [0x774A7BBE+286]
	RtlGetAppContainerNamedObjectPath [0x774A7B8E+238]
</msg>
</errors>
</robot>
