<?xml version="1.0" encoding="UTF-8"?>
<robot generator="Robot 6.0.1 (Python 3.10.8 on win32)" generated="20221210 19:20:55.144" rpa="false" schemaversion="3">
<suite id="s1" name="Amazon Teste" source="C:\Users\Desktop\Documents\Cursoudemy\RobotFramework\Webtesting\amazon_teste.robot">
<test id="s1-t1" name="Caso de teste 01 - Acesso ao menu &quot;Eletrônicos&quot;" line="11">
<kw name="Abrir o navegador" library="amazon_Resource" type="SETUP">
<kw name="Open Browser" library="SeleniumLibrary">
<arg>browser=chrome</arg>
<doc>Opens a new browser instance to the optional ``url``.</doc>
<msg timestamp="20221210 19:20:55.419" level="INFO">Opening browser 'chrome' to base url 'None'.</msg>
<status status="PASS" starttime="20221210 19:20:55.419" endtime="20221210 19:20:56.669"/>
</kw>
<kw name="Maximize Browser Window" library="SeleniumLibrary">
<doc>Maximizes current browser window.</doc>
<status status="PASS" starttime="20221210 19:20:56.669" endtime="20221210 19:20:56.794"/>
</kw>
<status status="PASS" starttime="20221210 19:20:55.419" endtime="20221210 19:20:56.794"/>
</kw>
<kw name="Acessar a home page do site Amazon.com.br" library="amazon_Resource">
<kw name="Go To" library="SeleniumLibrary">
<arg>url=${URL}</arg>
<doc>Navigates the current browser window to the provided ``url``.</doc>
<msg timestamp="20221210 19:20:56.795" level="INFO">Opening url 'http://www.amazon.com.br'</msg>
<status status="PASS" starttime="20221210 19:20:56.795" endtime="20221210 19:20:58.766"/>
</kw>
<kw name="Wait Until Element Is Visible" library="SeleniumLibrary">
<arg>locator=${MENU_ELETRONICOS}</arg>
<doc>Waits until the element ``locator`` is visible.</doc>
<status status="PASS" starttime="20221210 19:20:58.766" endtime="20221210 19:20:58.923"/>
</kw>
<status status="PASS" starttime="20221210 19:20:56.794" endtime="20221210 19:20:58.923"/>
</kw>
<kw name="Entrar no menu &quot;Eletrônicos&quot;" library="amazon_Resource">
<kw name="Click Element" library="SeleniumLibrary">
<arg>locator=${MENU_ELETRONICOS}</arg>
<doc>Click the element identified by ``locator``.</doc>
<msg timestamp="20221210 19:20:58.926" level="INFO">Clicking element '//a[@href='/Eletronicos-e-Tecnologia/b/?ie=UTF8&amp;node=16209062011&amp;ref_=nav_cs_electronics'][contains(.,'Eletrônicos')]'.</msg>
<status status="PASS" starttime="20221210 19:20:58.925" endtime="20221210 19:21:01.073"/>
</kw>
<status status="PASS" starttime="20221210 19:20:58.925" endtime="20221210 19:21:01.073"/>
</kw>
<kw name="Verificar se o título da página fica &quot;Eletrônicos e Tecnologia | Amazon.com.br&quot;" library="amazon_Resource" sourcename="Verificar se o título da página fica &quot;${TITULO}&quot;">
<kw name="Title Should Be" library="SeleniumLibrary">
<arg>title=${TITULO}</arg>
<doc>Verifies that the current page title equals ``title``.</doc>
<msg timestamp="20221210 19:21:01.160" level="INFO">Page title is 'Eletrônicos e Tecnologia | Amazon.com.br'.</msg>
<status status="PASS" starttime="20221210 19:21:01.074" endtime="20221210 19:21:01.160"/>
</kw>
<status status="PASS" starttime="20221210 19:21:01.074" endtime="20221210 19:21:01.161"/>
</kw>
<kw name="Verificar se aparece a frase &quot;Eletrônicos e Tecnologia&quot;" library="amazon_Resource" sourcename="Verificar se aparece a frase &quot;${frase}&quot;">
<kw name="Wait Until Page Contains" library="SeleniumLibrary">
<arg>text=${frase}</arg>
<doc>Waits until ``text`` appears on the current page.</doc>
<status status="PASS" starttime="20221210 19:21:01.162" endtime="20221210 19:21:01.272"/>
</kw>
<kw name="Wait Until Element Is Visible" library="SeleniumLibrary">
<arg>locator=${HEADR}</arg>
<doc>Waits until the element ``locator`` is visible.</doc>
<status status="PASS" starttime="20221210 19:21:01.272" endtime="20221210 19:21:01.341"/>
</kw>
<status status="PASS" starttime="20221210 19:21:01.161" endtime="20221210 19:21:01.341"/>
</kw>
<kw name="Verificar se aparece a categoria &quot;Computadores e Informática&quot;" library="amazon_Resource">
<kw name="Wait Until Element Is Visible" library="SeleniumLibrary">
<arg>locator=${Categoria}</arg>
<doc>Waits until the element ``locator`` is visible.</doc>
<status status="PASS" starttime="20221210 19:21:01.342" endtime="20221210 19:21:01.441"/>
</kw>
<status status="PASS" starttime="20221210 19:21:01.342" endtime="20221210 19:21:01.441"/>
</kw>
<kw name="Fechar o navegador" library="amazon_Resource" type="TEARDOWN">
<kw name="Capture Page Screenshot" library="SeleniumLibrary">
<doc>Takes a screenshot of the current page and embeds it into a log file.</doc>
<msg timestamp="20221210 19:21:01.618" level="INFO" html="true">&lt;/td&gt;&lt;/tr&gt;&lt;tr&gt;&lt;td colspan="3"&gt;&lt;a href="selenium-screenshot-33.png"&gt;&lt;img src="selenium-screenshot-33.png" width="800px"&gt;&lt;/a&gt;</msg>
<status status="PASS" starttime="20221210 19:21:01.442" endtime="20221210 19:21:01.618"/>
</kw>
<kw name="Close Browser" library="SeleniumLibrary">
<doc>Closes the current browser.</doc>
<status status="PASS" starttime="20221210 19:21:01.619" endtime="20221210 19:21:03.960"/>
</kw>
<status status="PASS" starttime="20221210 19:21:01.442" endtime="20221210 19:21:03.960"/>
</kw>
<doc>Esse teste verifica o menu eletronicos do site amazon.com.br</doc>
<tag>Menus</tag>
<status status="PASS" starttime="20221210 19:20:55.418" endtime="20221210 19:21:03.961"/>
</test>
<test id="s1-t2" name=" Caso de teste 02 - Pesquisa de um Produto" line="22">
<kw name="Abrir o navegador" library="amazon_Resource" type="SETUP">
<kw name="Open Browser" library="SeleniumLibrary">
<arg>browser=chrome</arg>
<doc>Opens a new browser instance to the optional ``url``.</doc>
<msg timestamp="20221210 19:21:03.967" level="INFO">Opening browser 'chrome' to base url 'None'.</msg>
<status status="PASS" starttime="20221210 19:21:03.967" endtime="20221210 19:21:05.246"/>
</kw>
<kw name="Maximize Browser Window" library="SeleniumLibrary">
<doc>Maximizes current browser window.</doc>
<status status="PASS" starttime="20221210 19:21:05.246" endtime="20221210 19:21:05.371"/>
</kw>
<status status="PASS" starttime="20221210 19:21:03.966" endtime="20221210 19:21:05.371"/>
</kw>
<kw name="Acessar a home page do site Amazon.com.br" library="amazon_Resource">
<kw name="Go To" library="SeleniumLibrary">
<arg>url=${URL}</arg>
<doc>Navigates the current browser window to the provided ``url``.</doc>
<msg timestamp="20221210 19:21:05.372" level="INFO">Opening url 'http://www.amazon.com.br'</msg>
<status status="PASS" starttime="20221210 19:21:05.372" endtime="20221210 19:21:07.024"/>
</kw>
<kw name="Wait Until Element Is Visible" library="SeleniumLibrary">
<arg>locator=${MENU_ELETRONICOS}</arg>
<doc>Waits until the element ``locator`` is visible.</doc>
<status status="PASS" starttime="20221210 19:21:07.024" endtime="20221210 19:21:07.107"/>
</kw>
<status status="PASS" starttime="20221210 19:21:05.372" endtime="20221210 19:21:07.108"/>
</kw>
<kw name="Digitar o nome de produto &quot;Xbox Series S&quot; no campo de pesquisa" library="amazon_Resource">
<kw name="Input Text" library="SeleniumLibrary">
<arg>locator=twotabsearchtextbox</arg>
<arg>text=Xbox Series S</arg>
<doc>Types the given ``text`` into the text field identified by ``locator``.</doc>
<msg timestamp="20221210 19:21:07.110" level="INFO">Typing text 'Xbox Series S' into text field 'twotabsearchtextbox'.</msg>
<status status="PASS" starttime="20221210 19:21:07.109" endtime="20221210 19:21:07.426"/>
</kw>
<status status="PASS" starttime="20221210 19:21:07.108" endtime="20221210 19:21:07.427"/>
</kw>
<kw name="Clicar no botão de pesquisa" library="amazon_Resource">
<kw name="Click Element" library="SeleniumLibrary">
<arg>locator=nav-search-submit-button</arg>
<doc>Click the element identified by ``locator``.</doc>
<msg timestamp="20221210 19:21:07.429" level="INFO">Clicking element 'nav-search-submit-button'.</msg>
<status status="PASS" starttime="20221210 19:21:07.428" endtime="20221210 19:21:07.622"/>
</kw>
<status status="PASS" starttime="20221210 19:21:07.427" endtime="20221210 19:21:07.623"/>
</kw>
<kw name=" Verificar o resultado da pesquisa de está listando o produto pesquisado" library="amazon_Resource">
<kw name="Wait Until Element Is Visible" library="SeleniumLibrary">
<arg>locator=//img[contains(@alt,'Console Xbox Series S')]</arg>
<doc>Waits until the element ``locator`` is visible.</doc>
<status status="PASS" starttime="20221210 19:21:07.627" endtime="20221210 19:21:08.305"/>
</kw>
<status status="PASS" starttime="20221210 19:21:07.626" endtime="20221210 19:21:08.306"/>
</kw>
<kw name="Fechar o navegador" library="amazon_Resource" type="TEARDOWN">
<kw name="Capture Page Screenshot" library="SeleniumLibrary">
<doc>Takes a screenshot of the current page and embeds it into a log file.</doc>
<msg timestamp="20221210 19:21:08.589" level="INFO" html="true">&lt;/td&gt;&lt;/tr&gt;&lt;tr&gt;&lt;td colspan="3"&gt;&lt;a href="selenium-screenshot-34.png"&gt;&lt;img src="selenium-screenshot-34.png" width="800px"&gt;&lt;/a&gt;</msg>
<status status="PASS" starttime="20221210 19:21:08.307" endtime="20221210 19:21:08.589"/>
</kw>
<kw name="Close Browser" library="SeleniumLibrary">
<doc>Closes the current browser.</doc>
<status status="PASS" starttime="20221210 19:21:08.589" endtime="20221210 19:21:10.788"/>
</kw>
<status status="PASS" starttime="20221210 19:21:08.306" endtime="20221210 19:21:10.788"/>
</kw>
<doc>Esse teste verifica a busca de um produto no site da amazon.com.br</doc>
<tag>Busca de produtos</tag>
<status status="PASS" starttime="20221210 19:21:03.965" endtime="20221210 19:21:10.789"/>
</test>
<doc>Essa suit testa o site da amazon.com.br</doc>
<status status="PASS" starttime="20221210 19:20:55.147" endtime="20221210 19:21:10.793"/>
</suite>
<statistics>
<total>
<stat pass="2" fail="0" skip="0">All Tests</stat>
</total>
<tag>
<stat pass="1" fail="0" skip="0">Busca de produtos</stat>
<stat pass="1" fail="0" skip="0">Menus</stat>
</tag>
<suite>
<stat pass="2" fail="0" skip="0" id="s1" name="Amazon Teste">Amazon Teste</stat>
</suite>
</statistics>
<errors>
</errors>
</robot>
