<?xml version="1.0" encoding="UTF-8"?>
<robot generator="Robot 6.0.1 (Python 3.10.8 on win32)" generated="20221213 15:42:44.085" rpa="false" schemaversion="3">
<suite id="s1" name="amazon Testes Bdd" source="C:\Users\Desktop\Documents\Cursoudemy\RobotFramework\Webtesting\amazon_Testes_Bdd.robot">
<test id="s1-t1" name="Caso de Teste 04 - Remover Produto do Carrinho" line="36">
<kw name="Abrir o navegador" library="amazon_Resource" type="SETUP">
<kw name="Open Browser" library="SeleniumLibrary">
<arg>browser=chrome</arg>
<doc>Opens a new browser instance to the optional ``url``.</doc>
<msg timestamp="20221213 15:42:44.365" level="INFO">Opening browser 'chrome' to base url 'None'.</msg>
<status status="PASS" starttime="20221213 15:42:44.364" endtime="20221213 15:42:45.542"/>
</kw>
<kw name="Maximize Browser Window" library="SeleniumLibrary">
<doc>Maximizes current browser window.</doc>
<status status="PASS" starttime="20221213 15:42:45.542" endtime="20221213 15:42:45.668"/>
</kw>
<status status="PASS" starttime="20221213 15:42:44.364" endtime="20221213 15:42:45.668"/>
</kw>
<kw name=" Dado que estou na home page da Amazon.com.br" library="amazon_Resource">
<kw name="Acessar a home page do site Amazon.com.br" library="amazon_Resource">
<kw name="Go To" library="SeleniumLibrary">
<arg>url=${URL}</arg>
<doc>Navigates the current browser window to the provided ``url``.</doc>
<msg timestamp="20221213 15:42:45.670" level="INFO">Opening url 'http://www.amazon.com.br'</msg>
<status status="PASS" starttime="20221213 15:42:45.670" endtime="20221213 15:42:47.564"/>
</kw>
<kw name="Wait Until Element Is Visible" library="SeleniumLibrary">
<arg>locator=${MENU_ELETRONICOS}</arg>
<doc>Waits until the element ``locator`` is visible.</doc>
<status status="PASS" starttime="20221213 15:42:47.564" endtime="20221213 15:42:47.657"/>
</kw>
<status status="PASS" starttime="20221213 15:42:45.670" endtime="20221213 15:42:47.658"/>
</kw>
<status status="PASS" starttime="20221213 15:42:45.669" endtime="20221213 15:42:47.658"/>
</kw>
<kw name=" E existe o produto &quot;Console Xbox Series S&quot; no carrinho" library="amazon_Resource">
<kw name=" Quando pesquisar pelo produto &quot;Xbox Series S&quot;" library="amazon_Resource">
<kw name="Digitar o nome de produto &quot;Xbox Series S&quot; no campo de pesquisa" library="amazon_Resource">
<kw name="Input Text" library="SeleniumLibrary">
<arg>locator=twotabsearchtextbox</arg>
<arg>text=Xbox Series S</arg>
<doc>Types the given ``text`` into the text field identified by ``locator``.</doc>
<msg timestamp="20221213 15:42:47.660" level="INFO">Typing text 'Xbox Series S' into text field 'twotabsearchtextbox'.</msg>
<status status="PASS" starttime="20221213 15:42:47.659" endtime="20221213 15:42:48.008"/>
</kw>
<status status="PASS" starttime="20221213 15:42:47.659" endtime="20221213 15:42:48.009"/>
</kw>
<kw name="Clicar no botão de pesquisa" library="amazon_Resource">
<kw name="Click Element" library="SeleniumLibrary">
<arg>locator=nav-search-submit-button</arg>
<doc>Click the element identified by ``locator``.</doc>
<msg timestamp="20221213 15:42:48.010" level="INFO">Clicking element 'nav-search-submit-button'.</msg>
<status status="PASS" starttime="20221213 15:42:48.010" endtime="20221213 15:42:49.776"/>
</kw>
<status status="PASS" starttime="20221213 15:42:48.009" endtime="20221213 15:42:49.776"/>
</kw>
<status status="PASS" starttime="20221213 15:42:47.659" endtime="20221213 15:42:49.776"/>
</kw>
<kw name=" Verificar o resultado da pesquisa se está listando o produto &quot;Console Xbox Series S&quot;" library="amazon_Resource">
<kw name="Wait Until Element Is Visible" library="SeleniumLibrary">
<arg>locator=${Console}</arg>
<doc>Waits until the element ``locator`` is visible.</doc>
<status status="PASS" starttime="20221213 15:42:49.777" endtime="20221213 15:42:49.804"/>
</kw>
<status status="PASS" starttime="20221213 15:42:49.776" endtime="20221213 15:42:49.804"/>
</kw>
<kw name=" Adicionar o produto &quot;Console Xbox Series S&quot; no carrinho" library="amazon_Resource">
<kw name="Click Element" library="SeleniumLibrary">
<arg>locator=${Console}</arg>
<doc>Click the element identified by ``locator``.</doc>
<msg timestamp="20221213 15:42:49.805" level="INFO">Clicking element '//img[contains(@alt,'Console Xbox Series S')]'.</msg>
<status status="PASS" starttime="20221213 15:42:49.805" endtime="20221213 15:42:53.513"/>
</kw>
<kw name="Click Element" library="SeleniumLibrary">
<arg>locator=//input[contains(@name,'submit.add-to-cart')]</arg>
<doc>Click the element identified by ``locator``.</doc>
<msg timestamp="20221213 15:42:53.513" level="INFO">Clicking element '//input[contains(@name,'submit.add-to-cart')]'.</msg>
<status status="PASS" starttime="20221213 15:42:53.513" endtime="20221213 15:42:55.240"/>
</kw>
<status status="PASS" starttime="20221213 15:42:49.804" endtime="20221213 15:42:55.241"/>
</kw>
<status status="PASS" starttime="20221213 15:42:47.658" endtime="20221213 15:42:55.241"/>
</kw>
<kw name="Quando remover o produto &quot;Console Xbox Series S&quot; do carrinho" library="amazon_Resource">
<kw name="Remover o produto &quot;Console Xbox Series S&quot; do carrinho" library="amazon_Resource">
<kw name="Click Element" library="SeleniumLibrary">
<arg>locator=//a[contains(@data-csa-c-type,'button')]</arg>
<doc>Click the element identified by ``locator``.</doc>
<msg timestamp="20221213 15:42:55.242" level="INFO">Clicking element '//a[contains(@data-csa-c-type,'button')]'.</msg>
<status status="PASS" starttime="20221213 15:42:55.242" endtime="20221213 15:42:57.296"/>
</kw>
<kw name="Click Element" library="SeleniumLibrary">
<arg>locator=(//span[contains(@class,'a-declarative')])[3]</arg>
<doc>Click the element identified by ``locator``.</doc>
<msg timestamp="20221213 15:42:57.296" level="INFO">Clicking element '(//span[contains(@class,'a-declarative')])[3]'.</msg>
<status status="PASS" starttime="20221213 15:42:57.296" endtime="20221213 15:42:57.457"/>
</kw>
<status status="PASS" starttime="20221213 15:42:55.242" endtime="20221213 15:42:57.457"/>
</kw>
<status status="PASS" starttime="20221213 15:42:55.241" endtime="20221213 15:42:57.457"/>
</kw>
<kw name="Então o carrinho deve ficar vazio" library="amazon_Resource">
<kw name=" Verificar se o carrinho fica vazio" library="amazon_Resource">
<kw name="Wait Until Page Contains" library="SeleniumLibrary">
<arg>text=Seu carrinho de compras da Amazon está vazio.</arg>
<doc>Waits until ``text`` appears on the current page.</doc>
<status status="PASS" starttime="20221213 15:42:57.458" endtime="20221213 15:42:57.717"/>
</kw>
<status status="PASS" starttime="20221213 15:42:57.458" endtime="20221213 15:42:57.717"/>
</kw>
<status status="PASS" starttime="20221213 15:42:57.458" endtime="20221213 15:42:57.717"/>
</kw>
<kw name="Fechar o navegador" library="amazon_Resource" type="TEARDOWN">
<kw name="Capture Page Screenshot" library="SeleniumLibrary">
<doc>Takes a screenshot of the current page and embeds it into a log file.</doc>
<msg timestamp="20221213 15:42:57.880" level="INFO" html="true">&lt;/td&gt;&lt;/tr&gt;&lt;tr&gt;&lt;td colspan="3"&gt;&lt;a href="selenium-screenshot-72.png"&gt;&lt;img src="selenium-screenshot-72.png" width="800px"&gt;&lt;/a&gt;</msg>
<status status="PASS" starttime="20221213 15:42:57.718" endtime="20221213 15:42:57.880"/>
</kw>
<kw name="Close Browser" library="SeleniumLibrary">
<doc>Closes the current browser.</doc>
<status status="PASS" starttime="20221213 15:42:57.880" endtime="20221213 15:43:00.197"/>
</kw>
<status status="PASS" starttime="20221213 15:42:57.717" endtime="20221213 15:43:00.197"/>
</kw>
<doc>Esse teste verifica a remoção de um produto no carrinho de compras</doc>
<tag>remover_carrinho</tag>
<status status="PASS" starttime="20221213 15:42:44.363" endtime="20221213 15:43:00.198"/>
</test>
<doc>nessa suite estamos passando o scrip em Bdd , do teste da amazon.com.br</doc>
<status status="PASS" starttime="20221213 15:42:44.087" endtime="20221213 15:43:00.201"/>
</suite>
<statistics>
<total>
<stat pass="1" fail="0" skip="0">All Tests</stat>
</total>
<tag>
<stat pass="1" fail="0" skip="0">remover_carrinho</stat>
</tag>
<suite>
<stat pass="1" fail="0" skip="0" id="s1" name="amazon Testes Bdd">amazon Testes Bdd</stat>
</suite>
</statistics>
<errors>
</errors>
</robot>
